<?xml version="1.0" encoding="UTF-8"?>
<!-- Generated by org.testng.reporters.JUnitReportReporter -->
<testsuite skipped="0" hostname="ATMECSINLT-044" name="com.atmecs.phptravels.tests.PhpTravels_signUp" tests="5" failures="0" timestamp="16 Sep 2019 13:57:04 GMT" time="152.814" errors="0">
  <testcase name="signUp" time="26.658" classname="com.atmecs.phptravels.tests.PhpTravels_signUp"/>
  <testcase name="signUp" time="34.437" classname="com.atmecs.phptravels.tests.PhpTravels_signUp"/>
  <testcase name="signUp" time="22.547" classname="com.atmecs.phptravels.tests.PhpTravels_signUp"/>
  <testcase name="signUp" time="40.899" classname="com.atmecs.phptravels.tests.PhpTravels_signUp"/>
  <testcase name="signUp" time="28.273" classname="com.atmecs.phptravels.tests.PhpTravels_signUp"/>
</testsuite> <!-- com.atmecs.phptravels.tests.PhpTravels_signUp -->
